[    0.000000] Linux version 4.15.0-38-generic (buildd@lcy01-amd64-023) (gcc version 7.3.0 (Ubuntu 7.3.0-16ubuntu3)) #41-Ubuntu SMP Wed Oct 10 10:59:38 UTC 2018 (Ubuntu 4.15.0-38.41-generic 4.15.18)
[    0.000000] Command line: BOOT_IMAGE=/boot/vmlinuz-4.15.0-38-generic root=LABEL=cloudimg-rootfs ro console=tty1 console=ttyS0
[    0.000000] KERNEL supported cpus:
[    0.000000]   Intel GenuineIntel
[    0.000000]   AMD AuthenticAMD
[    0.000000]   Centaur CentaurHauls
[    0.000000] ------------[ cut here ]------------
[    0.000000] XSAVE consistency problem, dumping leaves
[    0.000000] WARNING: CPU: 0 PID: 0 at /build/linux-CuEUJv/linux-4.15.0/arch/x86/kernel/fpu/xstate.c:614 do_extra_xstate_size_checks+0x303/0x3e6
[    0.000000] Modules linked in:
[    0.000000] CPU: 0 PID: 0 Comm: swapper Not tainted 4.15.0-38-generic #41-Ubuntu
[    0.000000] RIP: 0010:do_extra_xstate_size_checks+0x303/0x3e6
[    0.000000] RSP: 0000:ffffffffa1e03d50 EFLAGS: 00010086 ORIG_RAX: 0000000000000000
[    0.000000] RAX: 0000000000000000 RBX: 000000000000000a RCX: ffffffffa1e62728
[    0.000000] RDX: 0000000000000001 RSI: 0000000000000086 RDI: 0000000000000047
[    0.000000] RBP: ffffffffa1e03d90 R08: 657661656c20676e R09: 0000000000000007
[    0.000000] R10: ffffffffa2059d80 R11: 0000000000000000 R12: 0000000000000100
[    0.000000] R13: 0000000000000340 R14: ffffffffa1e03d54 R15: ffffffffa1e03d50
[    0.000000] FS:  0000000000000000(0000) GS:ffffffffa207e000(0000) knlGS:0000000000000000
[    0.000000] CS:  0010 DS: 0000 ES: 0000 CR0: 0000000080050033
[    0.000000] CR2: ffff88000008a000 CR3: 0000000059d20000 CR4: 00000000000406a0
[    0.000000] Call Trace:
[    0.000000]  fpu__init_system_xstate+0x183/0x484
[    0.000000]  fpu__init_system+0x213/0x265
[    0.000000]  ? early_init_intel+0xd0/0x450
[    0.000000]  early_cpu_init+0x20d/0x214
[    0.000000]  ? 0xffffffffa0a00000
[    0.000000]  setup_arch+0xcb/0xc82
[    0.000000]  ? printk+0x52/0x6e
[    0.000000]  start_kernel+0x6d/0x4fd
[    0.000000]  x86_64_start_reservations+0x24/0x26
[    0.000000]  x86_64_start_kernel+0x74/0x77
[    0.000000]  secondary_startup_64+0xa5/0xb0
[    0.000000] Code: ff ff 44 3b 2d 1d 2c 8b 01 0f 84 d5 00 00 00 80 3d 5a 41 5d 01 00 75 29 48 c7 c7 b8 96 ab a1 c6 05 4a 41 5d 01 01 e8 e3 01 05 00 <0f> 0b eb 12 83 3d 18 02 3f 01 00 0f 84 af fe ff ff e9 a5 fe ff 
[    0.000000] random: get_random_bytes called from print_oops_end_marker+0x3f/0x60 with crng_init=0
[    0.000000] ---[ end trace 615022e010233fdd ]---
[    0.000000] CPUID[0d, 00]: eax=00000007 ebx=00000440 ecx=00000440 edx=00000000
[    0.000000] CPUID[0d, 01]: eax=00000000 ebx=000003c0 ecx=00000000 edx=00000000
[    0.000000] CPUID[0d, 02]: eax=00000100 ebx=00000240 ecx=00000000 edx=00000000
[    0.000000] CPUID[0d, 03]: eax=00000000 ebx=00000000 ecx=00000000 edx=00000000
[    0.000000] CPUID[0d, 04]: eax=00000000 ebx=00000000 ecx=00000000 edx=00000000
[    0.000000] CPUID[0d, 05]: eax=00000000 ebx=00000000 ecx=00000000 edx=00000000
[    0.000000] CPUID[0d, 06]: eax=00000000 ebx=00000000 ecx=00000000 edx=00000000
[    0.000000] CPUID[0d, 07]: eax=00000000 ebx=00000000 ecx=00000000 edx=00000000
[    0.000000] CPUID[0d, 08]: eax=00000000 ebx=00000000 ecx=00000000 edx=00000000
[    0.000000] CPUID[0d, 09]: eax=00000000 ebx=00000000 ecx=00000000 edx=00000000
[    0.000000] CPUID[0d, 0a]: eax=00000000 ebx=00000000 ecx=00000000 edx=00000000
[    0.000000] CPUID[0d, 0b]: eax=00000000 ebx=00000000 ecx=00000000 edx=00000000
[    0.000000] CPUID[0d, 0c]: eax=00000000 ebx=00000000 ecx=00000000 edx=00000000
[    0.000000] CPUID[0d, 0d]: eax=00000000 ebx=00000000 ecx=00000000 edx=00000000
[    0.000000] CPUID[0d, 0e]: eax=00000000 ebx=00000000 ecx=00000000 edx=00000000
[    0.000000] CPUID[0d, 0f]: eax=00000000 ebx=00000000 ecx=00000000 edx=00000000
[    0.000000] CPUID[0d, 10]: eax=00000000 ebx=00000000 ecx=00000000 edx=00000000
[    0.000000] CPUID[0d, 11]: eax=00000000 ebx=00000000 ecx=00000000 edx=00000000
[    0.000000] CPUID[0d, 12]: eax=00000000 ebx=00000000 ecx=00000000 edx=00000000
[    0.000000] CPUID[0d, 13]: eax=00000000 ebx=00000000 ecx=00000000 edx=00000000
[    0.000000] x86/fpu: Supporting XSAVE feature 0x001: 'x87 floating point registers'
[    0.000000] x86/fpu: Supporting XSAVE feature 0x002: 'SSE registers'
[    0.000000] x86/fpu: Supporting XSAVE feature 0x004: 'AVX registers'
[    0.000000] x86/fpu: xstate_offset[2]:  576, xstate_sizes[2]:  256
[    0.000000] x86/fpu: Enabled xstate features 0x7, context size is 1088 bytes, using 'standard' format.
[    0.000000] e820: BIOS-provided physical RAM map:
[    0.000000] BIOS-e820: [mem 0x0000000000000000-0x000000000009fbff] usable
[    0.000000] BIOS-e820: [mem 0x000000000009fc00-0x000000000009ffff] reserved
[    0.000000] BIOS-e820: [mem 0x00000000000f0000-0x00000000000fffff] reserved
[    0.000000] BIOS-e820: [mem 0x0000000000100000-0x000000007ffeffff] usable
[    0.000000] BIOS-e820: [mem 0x000000007fff0000-0x000000007fffffff] ACPI data
[    0.000000] BIOS-e820: [mem 0x00000000fec00000-0x00000000fec00fff] reserved
[    0.000000] BIOS-e820: [mem 0x00000000fee00000-0x00000000fee00fff] reserved
[    0.000000] BIOS-e820: [mem 0x00000000fffc0000-0x00000000ffffffff] reserved
[    0.000000] NX (Execute Disable) protection: active
[    0.000000] SMBIOS 2.5 present.
[    0.000000] DMI: innotek GmbH VirtualBox/VirtualBox, BIOS VirtualBox 12/01/2006
[    0.000000] Hypervisor detected: KVM
[    0.000000] e820: last_pfn = 0x7fff0 max_arch_pfn = 0x400000000
[    0.000000] MTRR: Disabled
[    0.000000] x86/PAT: MTRRs disabled, skipping PAT initialization too.
[    0.000000] CPU MTRRs all blank - virtualized system.
[    0.000000] x86/PAT: Configuration [0-7]: WB  WT  UC- UC  WB  WT  UC- UC  
[    0.000000] found SMP MP-table at [mem 0x0009fff0-0x0009ffff] mapped at [        (ptrval)]
[    0.000000] Scanning 1 areas for low memory corruption
[    0.000000] RAMDISK: [mem 0x35ae3000-0x36d68fff]
[    0.000000] ACPI: Early table checksum verification disabled
[    0.000000] ACPI: RSDP 0x00000000000E0000 000024 (v02 VBOX  )
[    0.000000] ACPI: XSDT 0x000000007FFF0030 00003C (v01 VBOX   VBOXXSDT 00000001 ASL  00000061)
[    0.000000] ACPI: FACP 0x000000007FFF00F0 0000F4 (v04 VBOX   VBOXFACP 00000001 ASL  00000061)
[    0.000000] ACPI: DSDT 0x000000007FFF0470 0021FF (v02 VBOX   VBOXBIOS 00000002 INTL 20160108)
[    0.000000] ACPI: FACS 0x000000007FFF0200 000040
[    0.000000] ACPI: FACS 0x000000007FFF0200 000040
[    0.000000] ACPI: APIC 0x000000007FFF0240 00005C (v02 VBOX   VBOXAPIC 00000001 ASL  00000061)
[    0.000000] ACPI: SSDT 0x000000007FFF02A0 0001CC (v01 VBOX   VBOXCPUT 00000002 INTL 20160108)
[    0.000000] No NUMA configuration found
[    0.000000] Faking a node at [mem 0x0000000000000000-0x000000007ffeffff]
[    0.000000] NODE_DATA(0) allocated [mem 0x7ffc5000-0x7ffeffff]
[    0.000000] kvm-clock: cpu 0, msr 0:7ff44001, primary cpu clock
[    0.000000] kvm-clock: Using msrs 4b564d01 and 4b564d00
[    0.000000] kvm-clock: using sched offset of 9524201401 cycles
[    0.000000] clocksource: kvm-clock: mask: 0xffffffffffffffff max_cycles: 0x1cd42e4dffb, max_idle_ns: 881590591483 ns
[    0.000000] Zone ranges:
[    0.000000]   DMA      [mem 0x0000000000001000-0x0000000000ffffff]
[    0.000000]   DMA32    [mem 0x0000000001000000-0x000000007ffeffff]
[    0.000000]   Normal   empty
[    0.000000]   Device   empty
[    0.000000] Movable zone start for each node
[    0.000000] Early memory node ranges
[    0.000000]   node   0: [mem 0x0000000000001000-0x000000000009efff]
[    0.000000]   node   0: [mem 0x0000000000100000-0x000000007ffeffff]
[    0.000000] Initmem setup node 0 [mem 0x0000000000001000-0x000000007ffeffff]
[    0.000000] Reserved but unavailable: 98 pages
[    0.000000] ACPI: PM-Timer IO Port: 0x4008
[    0.000000] IOAPIC[0]: apic_id 2, version 32, address 0xfec00000, GSI 0-23
[    0.000000] ACPI: INT_SRC_OVR (bus 0 bus_irq 0 global_irq 2 dfl dfl)
[    0.000000] ACPI: INT_SRC_OVR (bus 0 bus_irq 9 global_irq 9 high level)
[    0.000000] Using ACPI (MADT) for SMP configuration information
[    0.000000] smpboot: Allowing 2 CPUs, 0 hotplug CPUs
[    0.000000] PM: Registered nosave memory: [mem 0x00000000-0x00000fff]
[    0.000000] PM: Registered nosave memory: [mem 0x0009f000-0x0009ffff]
[    0.000000] PM: Registered nosave memory: [mem 0x000a0000-0x000effff]
[    0.000000] PM: Registered nosave memory: [mem 0x000f0000-0x000fffff]
[    0.000000] e820: [mem 0x80000000-0xfebfffff] available for PCI devices
[    0.000000] Booting paravirtualized kernel on KVM
[    0.000000] clocksource: refined-jiffies: mask: 0xffffffff max_cycles: 0xffffffff, max_idle_ns: 7645519600211568 ns
[    0.000000] setup_percpu: NR_CPUS:8192 nr_cpumask_bits:2 nr_cpu_ids:2 nr_node_ids:1
[    0.000000] percpu: Embedded 46 pages/cpu @        (ptrval) s151552 r8192 d28672 u1048576
[    0.000000] PV qspinlock hash table entries: 256 (order: 0, 4096 bytes)
[    0.000000] Built 1 zonelists, mobility grouping on.  Total pages: 515961
[    0.000000] Policy zone: DMA32
[    0.000000] Kernel command line: BOOT_IMAGE=/boot/vmlinuz-4.15.0-38-generic root=LABEL=cloudimg-rootfs ro console=tty1 console=ttyS0
[    0.000000] Memory: 2015808K/2096696K available (12300K kernel code, 2472K rwdata, 4248K rodata, 2408K init, 2416K bss, 80888K reserved, 0K cma-reserved)
[    0.000000] SLUB: HWalign=64, Order=0-3, MinObjects=0, CPUs=2, Nodes=1
[    0.000000] Kernel/User page tables isolation: enabled
[    0.000000] ftrace: allocating 39175 entries in 154 pages
[    0.004000] Hierarchical RCU implementation.
[    0.004000] 	RCU restricting CPUs from NR_CPUS=8192 to nr_cpu_ids=2.
[    0.004000] 	Tasks RCU enabled.
[    0.004000] RCU: Adjusting geometry for rcu_fanout_leaf=16, nr_cpu_ids=2
[    0.004000] NR_IRQS: 524544, nr_irqs: 440, preallocated irqs: 16
[    0.004000] Console: colour VGA+ 80x25
[    0.004000] console [tty1] enabled
[    0.004000] console [ttyS0] enabled
[    0.004000] ACPI: Core revision 20170831
[    0.004000] ACPI: 2 ACPI AML tables successfully acquired and loaded
[    0.004000] APIC: Switch to symmetric I/O mode setup
[    0.010887] x2apic enabled
[    0.012036] Switched APIC routing to physical x2apic.
[    0.037049] ..TIMER: vector=0x30 apic1=0 pin1=2 apic2=-1 pin2=-1
[    0.040007] tsc: Detected 1991.998 MHz processor
[    0.044065] Calibrating delay loop (skipped) preset value.. 3983.99 BogoMIPS (lpj=7967992)
[    0.048009] pid_max: default: 32768 minimum: 301
[    0.052059] Security Framework initialized
[    0.056009] Yama: becoming mindful.
[    0.060055] AppArmor: AppArmor initialized
[    0.068027] Dentry cache hash table entries: 262144 (order: 9, 2097152 bytes)
[    0.073584] Inode-cache hash table entries: 131072 (order: 8, 1048576 bytes)
[    0.076059] Mount-cache hash table entries: 4096 (order: 3, 32768 bytes)
[    0.080031] Mountpoint-cache hash table entries: 4096 (order: 3, 32768 bytes)
[    0.085068] mce: CPU supports 0 MCE banks
[    0.092215] Last level iTLB entries: 4KB 64, 2MB 8, 4MB 8
[    0.096039] Last level dTLB entries: 4KB 64, 2MB 0, 4MB 0, 1GB 4
[    0.100013] Spectre V2 : Mitigation: Full generic retpoline
[    0.104028] Spectre V2 : Spectre v2 / SpectreRSB mitigation: Filling RSB on context switch
[    0.108007] Speculative Store Bypass: Vulnerable
[    0.112109] Freeing SMP alternatives memory: 36K
[    0.124000] smpboot: CPU0: Intel(R) Core(TM) i7-8550U CPU @ 1.80GHz (family: 0x6, model: 0x8e, stepping: 0xa)
[    0.124109] Performance Events: unsupported p6 CPU model 142 no PMU driver, software events only.
[    0.128095] Hierarchical SRCU implementation.
[    0.136171] NMI watchdog: Perf event create on CPU 0 failed with -2
[    0.140006] NMI watchdog: Perf NMI watchdog permanently disabled
[    0.144091] smp: Bringing up secondary CPUs ...
[    0.148152] x86: Booting SMP configuration:
[    0.152007] .... node  #0, CPUs:      #1
[    0.004000] kvm-clock: cpu 1, msr 0:7ff44041, secondary cpu clock
[    0.004000] mce: CPU supports 0 MCE banks
[    0.188052] smp: Brought up 1 node, 2 CPUs
[    0.192010] smpboot: Max logical packages: 1
[    0.196009] smpboot: Total of 2 processors activated (7967.99 BogoMIPS)
[    0.204131] devtmpfs: initialized
[    0.208081] x86/mm: Memory block size: 128MB
[    0.216220] evm: security.selinux
[    0.220028] evm: security.SMACK64
[    0.224006] evm: security.SMACK64EXEC
[    0.228022] evm: security.SMACK64TRANSMUTE
[    0.232006] evm: security.SMACK64MMAP
[    0.236017] evm: security.apparmor
[    0.240006] evm: security.ima
[    0.244025] evm: security.capability
[    0.248201] clocksource: jiffies: mask: 0xffffffff max_cycles: 0xffffffff, max_idle_ns: 7645041785100000 ns
[    0.252023] futex hash table entries: 512 (order: 3, 32768 bytes)
[    0.256452] pinctrl core: initialized pinctrl subsystem
[    0.264004] RTC time: 13:22:20, date: 11/14/18
[    0.272570] NET: Registered protocol family 16
[    0.276110] audit: initializing netlink subsys (disabled)
[    0.280140] audit: type=2000 audit(1542201749.024:1): state=initialized audit_enabled=0 res=1
[    0.304012] cpuidle: using governor ladder
[    0.308018] cpuidle: using governor menu
[    0.312058] ACPI: bus type PCI registered
[    0.316007] acpiphp: ACPI Hot Plug PCI Controller Driver version: 0.5
[    0.320724] PCI: Using configuration type 1 for base access
[    0.336281] HugeTLB registered 2.00 MiB page size, pre-allocated 0 pages
[    0.360168] ACPI: Added _OSI(Module Device)
[    0.384012] ACPI: Added _OSI(Processor Device)
[    0.396008] ACPI: Added _OSI(3.0 _SCP Extensions)
[    0.412007] ACPI: Added _OSI(Processor Aggregator Device)
[    0.424009] ACPI: Added _OSI(Linux-Dell-Video)
[    0.436009] ACPI: Added _OSI(Linux-Lenovo-NV-HDMI-Audio)
[    0.450671] ACPI: Executed 1 blocks of module-level executable AML code
[    0.473434] ACPI: Interpreter enabled
[    0.500037] ACPI: (supports S0 S5)
[    0.516007] ACPI: Using IOAPIC for interrupt routing
[    0.532590] PCI: Using host bridge windows from ACPI; if necessary, use "pci=nocrs" and report a bug
[    0.565097] ACPI: Enabled 2 GPEs in block 00 to 07
[    0.610254] ACPI: PCI Root Bridge [PCI0] (domain 0000 [bus 00-ff])
[    0.632017] acpi PNP0A03:00: _OSC: OS supports [ASPM ClockPM Segments MSI]
[    0.652052] acpi PNP0A03:00: _OSC: not requesting OS control; OS requires [ExtendedConfig ASPM ClockPM MSI]
[    0.680026] acpi PNP0A03:00: fail to add MMCONFIG information, can't access extended PCI configuration space under this bridge.
[    0.718183] PCI host bridge to bus 0000:00
[    0.732011] pci_bus 0000:00: root bus resource [io  0x0000-0x0cf7 window]
[    0.756010] pci_bus 0000:00: root bus resource [io  0x0d00-0xffff window]
[    0.776011] pci_bus 0000:00: root bus resource [mem 0x000a0000-0x000bffff window]
[    0.796010] pci_bus 0000:00: root bus resource [mem 0x80000000-0xffdfffff window]
[    0.816011] pci_bus 0000:00: root bus resource [bus 00-ff]
[    0.869791] pci 0000:00:01.1: legacy IDE quirk: reg 0x10: [io  0x01f0-0x01f7]
[    0.884009] pci 0000:00:01.1: legacy IDE quirk: reg 0x14: [io  0x03f6]
[    0.900009] pci 0000:00:01.1: legacy IDE quirk: reg 0x18: [io  0x0170-0x0177]
[    0.916009] pci 0000:00:01.1: legacy IDE quirk: reg 0x1c: [io  0x0376]
[   28.188005] watchdog: BUG: soft lockup - CPU#1 stuck for 23s! [swapper/0:1]
[   28.240002] Modules linked in:
[   28.264002] CPU: 1 PID: 1 Comm: swapper/0 Tainted: G        W        4.15.0-38-generic #41-Ubuntu
[   28.360002] Hardware name: innotek GmbH VirtualBox/VirtualBox, BIOS VirtualBox 12/01/2006
[   28.424003] RIP: 0010:pci_write_config_word.part.12+0x34/0x40
[   28.468004] RSP: 0000:ffffa6424031f978 EFLAGS: 00010246 ORIG_RAX: ffffffffffffff11
[   28.520001] RAX: 0000000000000000 RBX: ffff950dbc95f000 RCX: 0000000000000004
[   28.584005] RDX: 0000000000000cfc RSI: 0000000000000246 RDI: 0000000000000246
[   28.644003] RBP: ffffa6424031f978 R08: 0000000000000002 R09: 0000000000000004
[   28.712002] R10: 0000000000000018 R11: 0000000000000000 R12: 00000000ffffffff
[   28.780006] R13: 0000000000000024 R14: ffff950dbc95f4c0 R15: 0000000000000000
[   28.836002] FS:  0000000000000000(0000) GS:ffff950dbfd00000(0000) knlGS:0000000000000000
[   28.908003] CS:  0010 DS: 0000 ES: 0000 CR0: 0000000080050033
[   28.960006] CR2: ffffa642403b8000 CR3: 0000000059a0a001 CR4: 00000000000606e0
[   29.028005] Call Trace:
[   29.048002]  pci_write_config_word+0x1d/0x30
[   29.084002]  __pci_read_base+0x307/0x3d0
[   29.116003]  pci_read_bases+0x44/0x90
[   29.148005]  pci_setup_device+0x29b/0x560
[   29.180002]  ? pci_bus_get+0x1e/0x30
[   29.212020]  pci_scan_single_device+0xa1/0xd0
[   29.252003]  pci_scan_slot+0x43/0x100
[   29.284002]  pci_scan_child_bus_extend+0x3e/0x290
[   29.324004]  pci_scan_child_bus+0x10/0x20
[   29.360007]  acpi_pci_root_create+0x197/0x200
[   29.396031]  pci_acpi_scan_root+0x170/0x1c0
[   29.428004]  acpi_pci_root_add+0x265/0x550
[   29.460002]  ? set_debug_rodata+0x17/0x17
[   29.492001]  acpi_bus_attach+0x163/0x1f0
[   29.524002]  acpi_bus_attach+0x8e/0x1f0
[   29.556001]  acpi_bus_attach+0x8e/0x1f0
[   29.584001]  ? acpi_sleep_proc_init+0x2a/0x2a
[   29.620001]  ? acpi_sleep_proc_init+0x2a/0x2a
[   29.660002]  acpi_bus_scan+0x47/0x90
[   29.692002]  acpi_scan_init+0x10d/0x251
[   29.724002]  ? acpi_sleep_proc_init+0x2a/0x2a
[   29.760002]  acpi_init+0x2fb/0x35e
[   29.788002]  do_one_initcall+0x52/0x19f
[   29.820001]  kernel_init_freeable+0x1af/0x251
[   29.856001]  ? rest_init+0xb0/0xb0
[   29.884002]  kernel_init+0xe/0x110
[   29.912002]  ret_from_fork+0x35/0x40
